{
  "stats": {
    "suites": 1,
    "tests": 1,
    "passes": 0,
    "pending": 0,
    "failures": 1,
    "start": "2024-01-25T19:55:38.665Z",
    "end": "2024-01-25T19:55:44.026Z",
    "duration": 5361,
    "testsRegistered": 1,
    "passPercent": 0,
    "pendingPercent": 0,
    "other": 0,
    "hasOther": false,
    "skipped": 0,
    "hasSkipped": false
  },
  "results": [
    {
      "uuid": "7e1ad871-efcb-4b95-911a-f99a7d208e6e",
      "title": "",
      "fullFile": "cypress/e2e/Tc08_xpath.spec.cy.js",
      "file": "cypress/e2e/Tc08_xpath.spec.cy.js",
      "beforeHooks": [],
      "afterHooks": [],
      "tests": [],
      "suites": [
        {
          "uuid": "287515a1-b713-46be-9486-29ee1c5ed5fa",
          "title": "xpth",
          "fullFile": "",
          "file": "",
          "beforeHooks": [],
          "afterHooks": [],
          "tests": [
            {
              "title": "xptah",
              "fullTitle": "xpth xptah",
              "timedOut": null,
              "duration": 5316,
              "state": "failed",
              "speed": null,
              "pass": false,
              "fail": true,
              "pending": false,
              "context": "\"assets/Tc08_xpath.spec.cy.js/xpth - - xptah (failed.png)\"",
              "code": "cy.visit('https://react-redux.realworld.io/#/register?_k=a8cmn9');\ncy.xpath('//a[normalize-space()=\"Sign in\"]').click();\ncy.xpath('//input[@placeholder=\"Email\"]').type('ankita.it.2012@gmail.com');\ncy.xpath('//input[@placeholder=\"Password\"]').type('@Test12345');\ncy.xpath('//button[@type=\"submit\"]').click();\ncy.get('a[href=\"#settings\"]').click();\ncy.get('.btn.btn-outline-danger').click();",
              "err": {
                "message": "AssertionError: Timed out retrying after 4000ms: Expected to find element: `a[href=\"#settings\"]`, but never found it.",
                "estack": "AssertionError: Timed out retrying after 4000ms: Expected to find element: `a[href=\"#settings\"]`, but never found it.\n    at Context.eval (webpack://cypress/./cypress/e2e/Tc08_xpath.spec.cy.js:8:11)",
                "diff": null
              },
              "uuid": "235184a6-0aaf-4b13-a3e3-642652e85b5f",
              "parentUUID": "287515a1-b713-46be-9486-29ee1c5ed5fa",
              "isHook": false,
              "skipped": false
            }
          ],
          "suites": [],
          "passes": [],
          "failures": [
            "235184a6-0aaf-4b13-a3e3-642652e85b5f"
          ],
          "pending": [],
          "skipped": [],
          "duration": 5316,
          "root": false,
          "rootEmpty": false,
          "_timeout": 2000
        }
      ],
      "passes": [],
      "failures": [],
      "pending": [],
      "skipped": [],
      "duration": 0,
      "root": true,
      "rootEmpty": true,
      "_timeout": 2000
    }
  ],
  "meta": {
    "mocha": {
      "version": "7.0.1"
    },
    "mochawesome": {
      "options": {
        "quiet": true,
        "reportFilename": "mochawesome",
        "saveHtml": false,
        "saveJson": true,
        "consoleReporter": "spec",
        "useInlineDiffs": false,
        "code": true
      },
      "version": "7.1.3"
    },
    "marge": {
      "options": {
        "id": "default",
        "reportDir": "cypress/reports/mocha",
        "quiet": true,
        "json": true,
        "html": false,
        "overwrite": false
      },
      "version": "6.2.0"
    }
  }
}