{
  "stats": {
    "suites": 1,
    "tests": 4,
    "passes": 3,
    "pending": 0,
    "failures": 1,
    "start": "2024-01-25T19:56:19.603Z",
    "end": "2024-01-25T19:56:20.532Z",
    "duration": 929,
    "testsRegistered": 4,
    "passPercent": 75,
    "pendingPercent": 0,
    "other": 0,
    "hasOther": false,
    "skipped": 0,
    "hasSkipped": false
  },
  "results": [
    {
      "uuid": "95e3fcd2-7cfa-4db7-8627-3ee99651e62b",
      "title": "",
      "fullFile": "cypress/e2e/Tc15_APITesting.spec.cy.js",
      "file": "cypress/e2e/Tc15_APITesting.spec.cy.js",
      "beforeHooks": [],
      "afterHooks": [],
      "tests": [],
      "suites": [
        {
          "uuid": "4cd05189-cb67-41c2-a731-09b036f53cfa",
          "title": "api testing",
          "fullFile": "",
          "file": "",
          "beforeHooks": [],
          "afterHooks": [],
          "tests": [
            {
              "title": "get method",
              "fullTitle": "api testing get method",
              "timedOut": null,
              "duration": 93,
              "state": "passed",
              "speed": "fast",
              "pass": true,
              "fail": false,
              "pending": false,
              "context": null,
              "code": "cy.request('GET', 'https://reqres.in/api/users?page=2').then(Response => {\n  expect(Response.status).equal(200);\n  expect(Response.body.data[0].first_name).equal('Michael');\n});",
              "err": {},
              "uuid": "3fabcc2b-5a33-41ac-8695-bcf77df7822d",
              "parentUUID": "4cd05189-cb67-41c2-a731-09b036f53cfa",
              "isHook": false,
              "skipped": false
            },
            {
              "title": "Post method",
              "fullTitle": "api testing Post method",
              "timedOut": null,
              "duration": 241,
              "state": "passed",
              "speed": "fast",
              "pass": true,
              "fail": false,
              "pending": false,
              "context": null,
              "code": "var user = {\n  \"name\": \"morpheus\",\n  \"job\": \"leader\"\n};\ncy.request('POST', 'https://reqres.in/api/users', user).then(Response => {\n  expect(Response.status).equal(201);\n  expect(Response.body.name).equal(user.name);\n  expect(Response.body.job).equal(user.job);\n});",
              "err": {},
              "uuid": "bb63b7df-517b-410d-9533-3a23f1018764",
              "parentUUID": "4cd05189-cb67-41c2-a731-09b036f53cfa",
              "isHook": false,
              "skipped": false
            },
            {
              "title": "PUT method",
              "fullTitle": "api testing PUT method",
              "timedOut": null,
              "duration": 255,
              "state": "failed",
              "speed": null,
              "pass": false,
              "fail": true,
              "pending": false,
              "context": "\"assets/Tc15_APITesting.spec.cy.js/api testing - - PUT method (failed.png)\"",
              "code": "var user = {\n  \"name\": \"morpheus\",\n  \"job\": \"QA\"\n};\ncy.request('PUT', 'https://reqres.in/api/users/2', user).then(Response => {\n  expect(Response.status).equal(200);\n  expect(Response.body.job).equal(user.name);\n  expect(Response.body.name).equal(user.name);\n});",
              "err": {
                "message": "AssertionError: expected 'QA' to equal 'morpheus'",
                "estack": "AssertionError: expected 'QA' to equal 'morpheus'\n    at Context.eval (webpack://cypress/./cypress/e2e/Tc15_APITesting.spec.cy.js:35:38)",
                "diff": "- 'QA'\n+ 'morpheus'\n"
              },
              "uuid": "f4122920-96ed-49b4-a3a6-013049e61ba0",
              "parentUUID": "4cd05189-cb67-41c2-a731-09b036f53cfa",
              "isHook": false,
              "skipped": false
            },
            {
              "title": "DELETE method",
              "fullTitle": "api testing DELETE method",
              "timedOut": null,
              "duration": 224,
              "state": "passed",
              "speed": "fast",
              "pass": true,
              "fail": false,
              "pending": false,
              "context": null,
              "code": "cy.request('DELETE', 'https://reqres.in/api/users/2').then(Response => {\n  expect(Response.status).equal(204);\n});",
              "err": {},
              "uuid": "35f6ed48-0dd9-417c-9fc2-cc08f985635f",
              "parentUUID": "4cd05189-cb67-41c2-a731-09b036f53cfa",
              "isHook": false,
              "skipped": false
            }
          ],
          "suites": [],
          "passes": [
            "3fabcc2b-5a33-41ac-8695-bcf77df7822d",
            "bb63b7df-517b-410d-9533-3a23f1018764",
            "35f6ed48-0dd9-417c-9fc2-cc08f985635f"
          ],
          "failures": [
            "f4122920-96ed-49b4-a3a6-013049e61ba0"
          ],
          "pending": [],
          "skipped": [],
          "duration": 813,
          "root": false,
          "rootEmpty": false,
          "_timeout": 2000
        }
      ],
      "passes": [],
      "failures": [],
      "pending": [],
      "skipped": [],
      "duration": 0,
      "root": true,
      "rootEmpty": true,
      "_timeout": 2000
    }
  ],
  "meta": {
    "mocha": {
      "version": "7.0.1"
    },
    "mochawesome": {
      "options": {
        "quiet": true,
        "reportFilename": "mochawesome",
        "saveHtml": false,
        "saveJson": true,
        "consoleReporter": "spec",
        "useInlineDiffs": false,
        "code": true
      },
      "version": "7.1.3"
    },
    "marge": {
      "options": {
        "id": "default",
        "reportDir": "cypress/reports/mocha",
        "quiet": true,
        "json": true,
        "html": false,
        "overwrite": false
      },
      "version": "6.2.0"
    }
  }
}