{
  "stats": {
    "suites": 1,
    "tests": 1,
    "passes": 1,
    "pending": 0,
    "failures": 0,
    "start": "2024-01-25T19:56:33.915Z",
    "end": "2024-01-25T19:56:35.601Z",
    "duration": 1686,
    "testsRegistered": 1,
    "passPercent": 100,
    "pendingPercent": 0,
    "other": 0,
    "hasOther": false,
    "skipped": 0,
    "hasSkipped": false
  },
  "results": [
    {
      "uuid": "74334d2c-a883-4d87-a62a-2622af2b60e4",
      "title": "",
      "fullFile": "cypress/e2e/Testcases/Tc03_checkbox.spec.cy.js",
      "file": "cypress/e2e/Testcases/Tc03_checkbox.spec.cy.js",
      "beforeHooks": [],
      "afterHooks": [],
      "tests": [],
      "suites": [
        {
          "uuid": "23d21c3b-e924-44cd-ba52-fa18dc63bf91",
          "title": "checkbox Functionality",
          "fullFile": "",
          "file": "",
          "beforeHooks": [],
          "afterHooks": [],
          "tests": [
            {
              "title": "Different chckbox button test",
              "fullTitle": "checkbox Functionality Different chckbox button test",
              "timedOut": null,
              "duration": 547,
              "state": "passed",
              "speed": "fast",
              "pass": true,
              "fail": false,
              "pending": false,
              "context": null,
              "code": "// checkbox button\ncy.visit('https://demos.jquerymobile.com/1.4.5/checkboxradio-checkbox/');\ncy.get('#checkbox-v-2a').should('not.be.checked').check({\n  force: true\n}).should('be.checked');\ncy.get('#checkbox-v-2c').should('not.be.checked').check({\n  force: true\n}).should('be.checked');",
              "err": {},
              "uuid": "9c92c86a-1c2e-4cee-901a-a3a5fb155eec",
              "parentUUID": "23d21c3b-e924-44cd-ba52-fa18dc63bf91",
              "isHook": false,
              "skipped": false
            }
          ],
          "suites": [],
          "passes": [
            "9c92c86a-1c2e-4cee-901a-a3a5fb155eec"
          ],
          "failures": [],
          "pending": [],
          "skipped": [],
          "duration": 547,
          "root": false,
          "rootEmpty": false,
          "_timeout": 2000
        }
      ],
      "passes": [],
      "failures": [],
      "pending": [],
      "skipped": [],
      "duration": 0,
      "root": true,
      "rootEmpty": true,
      "_timeout": 2000
    }
  ],
  "meta": {
    "mocha": {
      "version": "7.0.1"
    },
    "mochawesome": {
      "options": {
        "quiet": true,
        "reportFilename": "mochawesome",
        "saveHtml": false,
        "saveJson": true,
        "consoleReporter": "spec",
        "useInlineDiffs": false,
        "code": true
      },
      "version": "7.1.3"
    },
    "marge": {
      "options": {
        "id": "default",
        "reportDir": "cypress/reports/mocha",
        "quiet": true,
        "json": true,
        "html": false,
        "overwrite": false
      },
      "version": "6.2.0"
    }
  }
}