{
  "stats": {
    "suites": 1,
    "tests": 3,
    "passes": 3,
    "pending": 0,
    "failures": 0,
    "start": "2023-12-15T18:10:26.763Z",
    "end": "2023-12-15T18:10:26.821Z",
    "duration": 58,
    "testsRegistered": 3,
    "passPercent": 100,
    "pendingPercent": 0,
    "other": 0,
    "hasOther": false,
    "skipped": 0,
    "hasSkipped": false
  },
  "results": [
    {
      "uuid": "9619a6f8-c025-4dcd-9502-9ebb230d0354",
      "title": "",
      "fullFile": "cypress/e2e/Tc10_HooksBasics.spec.cy.js",
      "file": "cypress/e2e/Tc10_HooksBasics.spec.cy.js",
      "beforeHooks": [],
      "afterHooks": [],
      "tests": [],
      "suites": [
        {
          "uuid": "ed19087d-f4d2-4161-8930-df39331dfa3e",
          "title": "hooks basic",
          "fullFile": "",
          "file": "",
          "beforeHooks": [],
          "afterHooks": [],
          "tests": [
            {
              "title": "search item ",
              "fullTitle": "hooks basic search item ",
              "timedOut": null,
              "duration": 13,
              "state": "passed",
              "speed": "fast",
              "pass": true,
              "fail": false,
              "pending": false,
              "context": null,
              "code": "cy.log('search item ');",
              "err": {},
              "uuid": "c647e3a3-0421-45f7-9b66-cccfe333cadd",
              "parentUUID": "ed19087d-f4d2-4161-8930-df39331dfa3e",
              "isHook": false,
              "skipped": false
            },
            {
              "title": "order item ",
              "fullTitle": "hooks basic order item ",
              "timedOut": null,
              "duration": 6,
              "state": "passed",
              "speed": "fast",
              "pass": true,
              "fail": false,
              "pending": false,
              "context": null,
              "code": "cy.log('order item ');",
              "err": {},
              "uuid": "69507e4b-32b1-4290-bb1c-1b1207c8feb4",
              "parentUUID": "ed19087d-f4d2-4161-8930-df39331dfa3e",
              "isHook": false,
              "skipped": false
            },
            {
              "title": "checkout item ",
              "fullTitle": "hooks basic checkout item ",
              "timedOut": null,
              "duration": 4,
              "state": "passed",
              "speed": "fast",
              "pass": true,
              "fail": false,
              "pending": false,
              "context": null,
              "code": "cy.log('checkout item h ');",
              "err": {},
              "uuid": "60ab8e73-9e06-4a0d-9ead-550e544e7d4e",
              "parentUUID": "ed19087d-f4d2-4161-8930-df39331dfa3e",
              "isHook": false,
              "skipped": false
            }
          ],
          "suites": [],
          "passes": [
            "c647e3a3-0421-45f7-9b66-cccfe333cadd",
            "69507e4b-32b1-4290-bb1c-1b1207c8feb4",
            "60ab8e73-9e06-4a0d-9ead-550e544e7d4e"
          ],
          "failures": [],
          "pending": [],
          "skipped": [],
          "duration": 23,
          "root": false,
          "rootEmpty": false,
          "_timeout": 2000
        }
      ],
      "passes": [],
      "failures": [],
      "pending": [],
      "skipped": [],
      "duration": 0,
      "root": true,
      "rootEmpty": true,
      "_timeout": 2000
    }
  ],
  "meta": {
    "mocha": {
      "version": "7.0.1"
    },
    "mochawesome": {
      "options": {
        "quiet": true,
        "reportFilename": "mochawesome",
        "saveHtml": false,
        "saveJson": true,
        "consoleReporter": "spec",
        "useInlineDiffs": false,
        "code": true
      },
      "version": "7.1.3"
    },
    "marge": {
      "options": {
        "id": "default",
        "reportDir": "cypress/reports/mocha",
        "quiet": true,
        "json": true,
        "html": false,
        "overwrite": false
      },
      "version": "6.2.0"
    }
  }
}