{
  "stats": {
    "suites": 1,
    "tests": 4,
    "passes": 4,
    "pending": 0,
    "failures": 0,
    "start": "2023-12-15T18:10:12.622Z",
    "end": "2023-12-15T18:10:14.709Z",
    "duration": 2087,
    "testsRegistered": 4,
    "passPercent": 100,
    "pendingPercent": 0,
    "other": 0,
    "hasOther": false,
    "skipped": 0,
    "hasSkipped": false
  },
  "results": [
    {
      "uuid": "898af76f-9f1d-4bbc-963b-7bbc2114a1da",
      "title": "",
      "fullFile": "cypress/e2e/Tc05_alert.spec.cy.js",
      "file": "cypress/e2e/Tc05_alert.spec.cy.js",
      "beforeHooks": [],
      "afterHooks": [],
      "tests": [],
      "suites": [
        {
          "uuid": "9045e3a6-d661-43df-9b63-97469468d8c6",
          "title": "alerts",
          "fullFile": "",
          "file": "",
          "beforeHooks": [],
          "afterHooks": [],
          "tests": [
            {
              "title": "simple alert",
              "fullTitle": "alerts simple alert",
              "timedOut": null,
              "duration": 399,
              "state": "passed",
              "speed": "fast",
              "pass": true,
              "fail": false,
              "pending": false,
              "context": null,
              "code": "cy.visit('https://the-internet.herokuapp.com/javascript_alerts');\ncy.contains('Click for JS Alert').click();\ncy.on('window:alert', str => {\n  expect(str).to.equal('I am a JS Alert');\n});\ncy.get('#result').contains('You successfully clicked an alert');",
              "err": {},
              "uuid": "28859c64-9513-4768-a5d2-a5a875ebfeaf",
              "parentUUID": "9045e3a6-d661-43df-9b63-97469468d8c6",
              "isHook": false,
              "skipped": false
            },
            {
              "title": "confirmation alert ok button ",
              "fullTitle": "alerts confirmation alert ok button ",
              "timedOut": null,
              "duration": 171,
              "state": "passed",
              "speed": "fast",
              "pass": true,
              "fail": false,
              "pending": false,
              "context": null,
              "code": "cy.visit('https://the-internet.herokuapp.com/javascript_alerts');\ncy.contains('Click for JS Confirm').click();\ncy.on('window:confirm', str => {\n  expect(str).to.equal('I am a JS Confirm');\n});\ncy.get('#result').contains('You clicked: Ok');",
              "err": {},
              "uuid": "712bbae7-334d-406f-bd0d-b5a0d493fe43",
              "parentUUID": "9045e3a6-d661-43df-9b63-97469468d8c6",
              "isHook": false,
              "skipped": false
            },
            {
              "title": "confirmation alert cancel button ",
              "fullTitle": "alerts confirmation alert cancel button ",
              "timedOut": null,
              "duration": 168,
              "state": "passed",
              "speed": "fast",
              "pass": true,
              "fail": false,
              "pending": false,
              "context": null,
              "code": "cy.visit('https://the-internet.herokuapp.com/javascript_alerts');\ncy.contains('Click for JS Confirm').click();\ncy.on('window:confirm', str => {\n  expect(str).to.equal('I am a JS Confirm');\n  return false;\n});\ncy.get('#result').contains('You clicked: Cancel');",
              "err": {},
              "uuid": "2f0e952e-f947-4869-856d-0acdb7d4faaa",
              "parentUUID": "9045e3a6-d661-43df-9b63-97469468d8c6",
              "isHook": false,
              "skipped": false
            },
            {
              "title": "promt alert ",
              "fullTitle": "alerts promt alert ",
              "timedOut": null,
              "duration": 168,
              "state": "passed",
              "speed": "fast",
              "pass": true,
              "fail": false,
              "pending": false,
              "context": null,
              "code": "cy.visit('https://the-internet.herokuapp.com/javascript_alerts');\ncy.window().then(function ($win) {\n  cy.stub($win, 'prompt').returns('hello alert');\n  cy.contains('Click for JS Prompt').click();\n});\ncy.get('#result').contains('You entered: hello alert');",
              "err": {},
              "uuid": "5f798bff-16af-4923-9905-8bdfb0f7ac85",
              "parentUUID": "9045e3a6-d661-43df-9b63-97469468d8c6",
              "isHook": false,
              "skipped": false
            }
          ],
          "suites": [],
          "passes": [
            "28859c64-9513-4768-a5d2-a5a875ebfeaf",
            "712bbae7-334d-406f-bd0d-b5a0d493fe43",
            "2f0e952e-f947-4869-856d-0acdb7d4faaa",
            "5f798bff-16af-4923-9905-8bdfb0f7ac85"
          ],
          "failures": [],
          "pending": [],
          "skipped": [],
          "duration": 906,
          "root": false,
          "rootEmpty": false,
          "_timeout": 2000
        }
      ],
      "passes": [],
      "failures": [],
      "pending": [],
      "skipped": [],
      "duration": 0,
      "root": true,
      "rootEmpty": true,
      "_timeout": 2000
    }
  ],
  "meta": {
    "mocha": {
      "version": "7.0.1"
    },
    "mochawesome": {
      "options": {
        "quiet": true,
        "reportFilename": "mochawesome",
        "saveHtml": false,
        "saveJson": true,
        "consoleReporter": "spec",
        "useInlineDiffs": false,
        "code": true
      },
      "version": "7.1.3"
    },
    "marge": {
      "options": {
        "id": "default",
        "reportDir": "cypress/reports/mocha",
        "quiet": true,
        "json": true,
        "html": false,
        "overwrite": false
      },
      "version": "6.2.0"
    }
  }
}