{
  "stats": {
    "suites": 1,
    "tests": 1,
    "passes": 1,
    "pending": 0,
    "failures": 0,
    "start": "2023-12-15T18:10:21.137Z",
    "end": "2023-12-15T18:10:23.429Z",
    "duration": 2292,
    "testsRegistered": 1,
    "passPercent": 100,
    "pendingPercent": 0,
    "other": 0,
    "hasOther": false,
    "skipped": 0,
    "hasSkipped": false
  },
  "results": [
    {
      "uuid": "2213905d-3718-44b3-8404-07bc32ca2675",
      "title": "",
      "fullFile": "cypress/e2e/Tc08_xpath.spec.cy.js",
      "file": "cypress/e2e/Tc08_xpath.spec.cy.js",
      "beforeHooks": [],
      "afterHooks": [],
      "tests": [],
      "suites": [
        {
          "uuid": "6d5a85f7-2271-4734-b61b-6a0e7daac91b",
          "title": "xpth",
          "fullFile": "",
          "file": "",
          "beforeHooks": [],
          "afterHooks": [],
          "tests": [
            {
              "title": "xptah",
              "fullTitle": "xpth xptah",
              "timedOut": null,
              "duration": 2250,
              "state": "passed",
              "speed": "fast",
              "pass": true,
              "fail": false,
              "pending": false,
              "context": null,
              "code": "cy.visit('https://react-redux.realworld.io/#/register?_k=a8cmn9');\ncy.xpath('//a[normalize-space()=\"Sign in\"]').click();\ncy.xpath('//input[@placeholder=\"Email\"]').type('ankita.it.2012@gmail.com');\ncy.xpath('//input[@placeholder=\"Password\"]').type('@Test12345');\ncy.xpath('//button[@type=\"submit\"]').click();\ncy.get('a[href=\"#settings\"]').click();\ncy.get('.btn.btn-outline-danger').click();",
              "err": {},
              "uuid": "b70a9e3c-1942-43db-87e6-efd4721167d9",
              "parentUUID": "6d5a85f7-2271-4734-b61b-6a0e7daac91b",
              "isHook": false,
              "skipped": false
            }
          ],
          "suites": [],
          "passes": [
            "b70a9e3c-1942-43db-87e6-efd4721167d9"
          ],
          "failures": [],
          "pending": [],
          "skipped": [],
          "duration": 2250,
          "root": false,
          "rootEmpty": false,
          "_timeout": 2000
        }
      ],
      "passes": [],
      "failures": [],
      "pending": [],
      "skipped": [],
      "duration": 0,
      "root": true,
      "rootEmpty": true,
      "_timeout": 2000
    }
  ],
  "meta": {
    "mocha": {
      "version": "7.0.1"
    },
    "mochawesome": {
      "options": {
        "quiet": true,
        "reportFilename": "mochawesome",
        "saveHtml": false,
        "saveJson": true,
        "consoleReporter": "spec",
        "useInlineDiffs": false,
        "code": true
      },
      "version": "7.1.3"
    },
    "marge": {
      "options": {
        "id": "default",
        "reportDir": "cypress/reports/mocha",
        "quiet": true,
        "json": true,
        "html": false,
        "overwrite": false
      },
      "version": "6.2.0"
    }
  }
}