{
  "stats": {
    "suites": 1,
    "tests": 4,
    "passes": 4,
    "pending": 0,
    "failures": 0,
    "start": "2024-01-25T19:55:30.476Z",
    "end": "2024-01-25T19:55:32.568Z",
    "duration": 2092,
    "testsRegistered": 4,
    "passPercent": 100,
    "pendingPercent": 0,
    "other": 0,
    "hasOther": false,
    "skipped": 0,
    "hasSkipped": false
  },
  "results": [
    {
      "uuid": "8b708063-b8b5-4545-bcdb-0b7d3b2b13f6",
      "title": "",
      "fullFile": "cypress/e2e/Tc05_alert.spec.cy.js",
      "file": "cypress/e2e/Tc05_alert.spec.cy.js",
      "beforeHooks": [],
      "afterHooks": [],
      "tests": [],
      "suites": [
        {
          "uuid": "db22338d-a88a-4006-b179-025cd030acaa",
          "title": "alerts",
          "fullFile": "",
          "file": "",
          "beforeHooks": [],
          "afterHooks": [],
          "tests": [
            {
              "title": "simple alert",
              "fullTitle": "alerts simple alert",
              "timedOut": null,
              "duration": 403,
              "state": "passed",
              "speed": "fast",
              "pass": true,
              "fail": false,
              "pending": false,
              "context": null,
              "code": "cy.visit('https://the-internet.herokuapp.com/javascript_alerts');\ncy.contains('Click for JS Alert').click();\ncy.on('window:alert', str => {\n  expect(str).to.equal('I am a JS Alert');\n});\ncy.get('#result').contains('You successfully clicked an alert');",
              "err": {},
              "uuid": "82fecdc8-682b-4fae-af31-8c9aa03ee8e3",
              "parentUUID": "db22338d-a88a-4006-b179-025cd030acaa",
              "isHook": false,
              "skipped": false
            },
            {
              "title": "confirmation alert ok button ",
              "fullTitle": "alerts confirmation alert ok button ",
              "timedOut": null,
              "duration": 174,
              "state": "passed",
              "speed": "fast",
              "pass": true,
              "fail": false,
              "pending": false,
              "context": null,
              "code": "cy.visit('https://the-internet.herokuapp.com/javascript_alerts');\ncy.contains('Click for JS Confirm').click();\ncy.on('window:confirm', str => {\n  expect(str).to.equal('I am a JS Confirm');\n});\ncy.get('#result').contains('You clicked: Ok');",
              "err": {},
              "uuid": "6f6d093b-9e05-42d5-bc1f-7defde619288",
              "parentUUID": "db22338d-a88a-4006-b179-025cd030acaa",
              "isHook": false,
              "skipped": false
            },
            {
              "title": "confirmation alert cancel button ",
              "fullTitle": "alerts confirmation alert cancel button ",
              "timedOut": null,
              "duration": 207,
              "state": "passed",
              "speed": "fast",
              "pass": true,
              "fail": false,
              "pending": false,
              "context": null,
              "code": "cy.visit('https://the-internet.herokuapp.com/javascript_alerts');\ncy.contains('Click for JS Confirm').click();\ncy.on('window:confirm', str => {\n  expect(str).to.equal('I am a JS Confirm');\n  return false;\n});\ncy.get('#result').contains('You clicked: Cancel');",
              "err": {},
              "uuid": "e1a4aec3-9d25-450b-a1f3-4683e1477a5e",
              "parentUUID": "db22338d-a88a-4006-b179-025cd030acaa",
              "isHook": false,
              "skipped": false
            },
            {
              "title": "promt alert ",
              "fullTitle": "alerts promt alert ",
              "timedOut": null,
              "duration": 167,
              "state": "passed",
              "speed": "fast",
              "pass": true,
              "fail": false,
              "pending": false,
              "context": null,
              "code": "cy.visit('https://the-internet.herokuapp.com/javascript_alerts');\ncy.window().then(function ($win) {\n  cy.stub($win, 'prompt').returns('hello alert');\n  cy.contains('Click for JS Prompt').click();\n});\ncy.get('#result').contains('You entered: hello alert');",
              "err": {},
              "uuid": "af363203-190f-485b-ba8e-95330c8fdca7",
              "parentUUID": "db22338d-a88a-4006-b179-025cd030acaa",
              "isHook": false,
              "skipped": false
            }
          ],
          "suites": [],
          "passes": [
            "82fecdc8-682b-4fae-af31-8c9aa03ee8e3",
            "6f6d093b-9e05-42d5-bc1f-7defde619288",
            "e1a4aec3-9d25-450b-a1f3-4683e1477a5e",
            "af363203-190f-485b-ba8e-95330c8fdca7"
          ],
          "failures": [],
          "pending": [],
          "skipped": [],
          "duration": 951,
          "root": false,
          "rootEmpty": false,
          "_timeout": 2000
        }
      ],
      "passes": [],
      "failures": [],
      "pending": [],
      "skipped": [],
      "duration": 0,
      "root": true,
      "rootEmpty": true,
      "_timeout": 2000
    }
  ],
  "meta": {
    "mocha": {
      "version": "7.0.1"
    },
    "mochawesome": {
      "options": {
        "quiet": true,
        "reportFilename": "mochawesome",
        "saveHtml": false,
        "saveJson": true,
        "consoleReporter": "spec",
        "useInlineDiffs": false,
        "code": true
      },
      "version": "7.1.3"
    },
    "marge": {
      "options": {
        "id": "default",
        "reportDir": "cypress/reports/mocha",
        "quiet": true,
        "json": true,
        "html": false,
        "overwrite": false
      },
      "version": "6.2.0"
    }
  }
}