{
  "stats": {
    "suites": 1,
    "tests": 2,
    "passes": 1,
    "pending": 0,
    "failures": 1,
    "start": "2024-01-25T19:56:01.925Z",
    "end": "2024-01-25T19:56:08.352Z",
    "duration": 6427,
    "testsRegistered": 2,
    "passPercent": 50,
    "pendingPercent": 0,
    "other": 0,
    "hasOther": false,
    "skipped": 0,
    "hasSkipped": false
  },
  "results": [
    {
      "uuid": "a4a97321-18af-4d05-8d1f-1708ec6566df",
      "title": "",
      "fullFile": "cypress/e2e/Tc12_readExcel.spec.cy.js",
      "file": "cypress/e2e/Tc12_readExcel.spec.cy.js",
      "beforeHooks": [],
      "afterHooks": [],
      "tests": [],
      "suites": [
        {
          "uuid": "4000085b-e7c6-482d-bb91-20038d4c6831",
          "title": "Excel test",
          "fullFile": "",
          "file": "",
          "beforeHooks": [],
          "afterHooks": [],
          "tests": [
            {
              "title": "Conduit - Valid Credentials",
              "fullTitle": "Excel test Conduit - Valid Credentials",
              "timedOut": null,
              "duration": 5257,
              "state": "failed",
              "speed": null,
              "pass": false,
              "fail": true,
              "pending": false,
              "context": "\"assets/Tc12_readExcel.spec.cy.js/Excel test - - Conduit - Valid Credentials (failed.png)\"",
              "code": "cy.visit('https://react-redux.realworld.io/');\ncy.contains('Sign in').click();\ncy.get('input[type=\"email\"]').type(data[0].username);\ncy.get('input[type=\"password\"]').type(data[0].password);\ncy.get('button[type=\"submit\"]').click();\ncy.contains('Settings').click();\ncy.contains('Or click here to logout.').click();",
              "err": {
                "message": "AssertionError: Timed out retrying after 4000ms: Expected to find content: 'Settings' but never did.",
                "estack": "AssertionError: Timed out retrying after 4000ms: Expected to find content: 'Settings' but never did.\n    at Context.eval (webpack://cypress/./cypress/e2e/Tc12_readExcel.spec.cy.js:18:9)",
                "diff": null
              },
              "uuid": "fc8979be-d6d6-4e5a-8554-fc6c57007c41",
              "parentUUID": "4000085b-e7c6-482d-bb91-20038d4c6831",
              "isHook": false,
              "skipped": false
            },
            {
              "title": "Conduit - Invalid Credentials",
              "fullTitle": "Excel test Conduit - Invalid Credentials",
              "timedOut": null,
              "duration": 1068,
              "state": "passed",
              "speed": "fast",
              "pass": true,
              "fail": false,
              "pending": false,
              "context": null,
              "code": "cy.visit('https://react-redux.realworld.io/');\ncy.contains('Sign in').click();\ncy.get('input[type=\"email\"]').type(data[1].username);\ncy.get('input[type=\"password\"]').type(data[1].password);\ncy.get('button[type=\"submit\"]').click();\ncy.get('.error-messages').should('contain', 'email or password is invalid');",
              "err": {},
              "uuid": "190fed07-25bf-4ab8-9cb4-c00067534a11",
              "parentUUID": "4000085b-e7c6-482d-bb91-20038d4c6831",
              "isHook": false,
              "skipped": false
            }
          ],
          "suites": [],
          "passes": [
            "190fed07-25bf-4ab8-9cb4-c00067534a11"
          ],
          "failures": [
            "fc8979be-d6d6-4e5a-8554-fc6c57007c41"
          ],
          "pending": [],
          "skipped": [],
          "duration": 6325,
          "root": false,
          "rootEmpty": false,
          "_timeout": 2000
        }
      ],
      "passes": [],
      "failures": [],
      "pending": [],
      "skipped": [],
      "duration": 0,
      "root": true,
      "rootEmpty": true,
      "_timeout": 2000
    }
  ],
  "meta": {
    "mocha": {
      "version": "7.0.1"
    },
    "mochawesome": {
      "options": {
        "quiet": true,
        "reportFilename": "mochawesome",
        "saveHtml": false,
        "saveJson": true,
        "consoleReporter": "spec",
        "useInlineDiffs": false,
        "code": true
      },
      "version": "7.1.3"
    },
    "marge": {
      "options": {
        "id": "default",
        "reportDir": "cypress/reports/mocha",
        "quiet": true,
        "json": true,
        "html": false,
        "overwrite": false
      },
      "version": "6.2.0"
    }
  }
}