{
  "stats": {
    "suites": 1,
    "tests": 1,
    "passes": 1,
    "pending": 0,
    "failures": 0,
    "start": "2024-01-25T19:55:33.575Z",
    "end": "2024-01-25T19:55:34.843Z",
    "duration": 1268,
    "testsRegistered": 1,
    "passPercent": 100,
    "pendingPercent": 0,
    "other": 0,
    "hasOther": false,
    "skipped": 0,
    "hasSkipped": false
  },
  "results": [
    {
      "uuid": "a84ed592-e2ed-4080-b5d4-fc471c4513fd",
      "title": "",
      "fullFile": "cypress/e2e/Tc06_webtable.spec.cy.js",
      "file": "cypress/e2e/Tc06_webtable.spec.cy.js",
      "beforeHooks": [],
      "afterHooks": [],
      "tests": [],
      "suites": [
        {
          "uuid": "167c0930-4335-46ae-bf4d-81537670c376",
          "title": "web table",
          "fullFile": "",
          "file": "",
          "beforeHooks": [],
          "afterHooks": [],
          "tests": [
            {
              "title": "check value present",
              "fullTitle": "web table check value present",
              "timedOut": null,
              "duration": 306,
              "state": "passed",
              "speed": "fast",
              "pass": true,
              "fail": false,
              "pending": false,
              "context": null,
              "code": "cy.visit('https://the-internet.herokuapp.com/tables');\ncy.get('#table1').contains('td', 'http://www.jdoe.com').should('be.visible');\ncy.get(`#table1>tbody>tr:nth-child(${row})>td:nth-child(${col})`).contains('td', 'jsmith@gmail.com').should('be.visible');\ncy.get('#table1>tbody>tr>td:nth-child(2)').each(($ele, index, $list) => {\n  const fname = $ele.text();\n  if (fname.includes('Frank')) {\n    cy.get('#table1>tbody>tr>td:nth-child(4)').eq(index).then(function ($due) {\n      const dueAmount = $due.text();\n      expect(dueAmount).to.equal('$51.00');\n    });\n  }\n});",
              "err": {},
              "uuid": "52267c68-6544-48a8-b1ca-6fb407cae5ca",
              "parentUUID": "167c0930-4335-46ae-bf4d-81537670c376",
              "isHook": false,
              "skipped": false
            }
          ],
          "suites": [],
          "passes": [
            "52267c68-6544-48a8-b1ca-6fb407cae5ca"
          ],
          "failures": [],
          "pending": [],
          "skipped": [],
          "duration": 306,
          "root": false,
          "rootEmpty": false,
          "_timeout": 2000
        }
      ],
      "passes": [],
      "failures": [],
      "pending": [],
      "skipped": [],
      "duration": 0,
      "root": true,
      "rootEmpty": true,
      "_timeout": 2000
    }
  ],
  "meta": {
    "mocha": {
      "version": "7.0.1"
    },
    "mochawesome": {
      "options": {
        "quiet": true,
        "reportFilename": "mochawesome",
        "saveHtml": false,
        "saveJson": true,
        "consoleReporter": "spec",
        "useInlineDiffs": false,
        "code": true
      },
      "version": "7.1.3"
    },
    "marge": {
      "options": {
        "id": "default",
        "reportDir": "cypress/reports/mocha",
        "quiet": true,
        "json": true,
        "html": false,
        "overwrite": false
      },
      "version": "6.2.0"
    }
  }
}