{
  "stats": {
    "suites": 1,
    "tests": 1,
    "passes": 0,
    "pending": 0,
    "failures": 1,
    "start": "2024-01-25T19:56:42.862Z",
    "end": "2024-01-25T19:56:58.200Z",
    "duration": 15338,
    "testsRegistered": 1,
    "passPercent": 0,
    "pendingPercent": 0,
    "other": 0,
    "hasOther": false,
    "skipped": 0,
    "hasSkipped": false
  },
  "results": [
    {
      "uuid": "148dac90-ffd7-45bc-8de4-521607a70a9d",
      "title": "",
      "fullFile": "cypress/e2e/smokeTest/Tc01_smokeScript.spec.cy.js",
      "file": "cypress/e2e/smokeTest/Tc01_smokeScript.spec.cy.js",
      "beforeHooks": [],
      "afterHooks": [],
      "tests": [],
      "suites": [
        {
          "uuid": "99ba899e-7a61-44e4-8d5f-d61cd7c60743",
          "title": "Login Functionality",
          "fullFile": "",
          "file": "",
          "beforeHooks": [],
          "afterHooks": [],
          "tests": [
            {
              "title": "login test",
              "fullTitle": "Login Functionality login test",
              "timedOut": null,
              "duration": 15273,
              "state": "failed",
              "speed": null,
              "pass": false,
              "fail": true,
              "pending": false,
              "context": "\"assets/Tc01_smokeScript.spec.cy.js/Login Functionality - - login test (failed.png)\"",
              "code": "cy.visit('/');\ncy.get('a[href=\"#login\"]').click();\ncy.get('input[placeholder=\"Email\"]').type('ankita.it.2012@gmail.com');\ncy.get('input[placeholder=\"Password\"]').type('@Test12345');\ncy.get('button[type=\"Submit\"]').click();\ncy.wait(10000);\ncy.get('a[href=\"#settings\"]').click();\ncy.get('.btn.btn-outline-danger').click();",
              "err": {
                "message": "AssertionError: Timed out retrying after 4000ms: Expected to find element: `a[href=\"#settings\"]`, but never found it.",
                "estack": "AssertionError: Timed out retrying after 4000ms: Expected to find element: `a[href=\"#settings\"]`, but never found it.\n    at Context.eval (webpack://cypress/./cypress/e2e/smokeTest/Tc01_smokeScript.spec.cy.js:13:11)",
                "diff": null
              },
              "uuid": "0b47efbc-64ab-43af-b5ab-5a4e89a426db",
              "parentUUID": "99ba899e-7a61-44e4-8d5f-d61cd7c60743",
              "isHook": false,
              "skipped": false
            }
          ],
          "suites": [],
          "passes": [],
          "failures": [
            "0b47efbc-64ab-43af-b5ab-5a4e89a426db"
          ],
          "pending": [],
          "skipped": [],
          "duration": 15273,
          "root": false,
          "rootEmpty": false,
          "_timeout": 2000
        }
      ],
      "passes": [],
      "failures": [],
      "pending": [],
      "skipped": [],
      "duration": 0,
      "root": true,
      "rootEmpty": true,
      "_timeout": 2000
    }
  ],
  "meta": {
    "mocha": {
      "version": "7.0.1"
    },
    "mochawesome": {
      "options": {
        "quiet": true,
        "reportFilename": "mochawesome",
        "saveHtml": false,
        "saveJson": true,
        "consoleReporter": "spec",
        "useInlineDiffs": false,
        "code": true
      },
      "version": "7.1.3"
    },
    "marge": {
      "options": {
        "id": "default",
        "reportDir": "cypress/reports/mocha",
        "quiet": true,
        "json": true,
        "html": false,
        "overwrite": false
      },
      "version": "6.2.0"
    }
  }
}