{
  "stats": {
    "suites": 1,
    "tests": 2,
    "passes": 0,
    "pending": 0,
    "failures": 2,
    "start": "2024-01-25T19:56:16.998Z",
    "end": "2024-01-25T19:56:18.608Z",
    "duration": 1610,
    "testsRegistered": 2,
    "passPercent": 0,
    "pendingPercent": 0,
    "other": 0,
    "hasOther": false,
    "skipped": 0,
    "hasSkipped": false
  },
  "results": [
    {
      "uuid": "67731a21-85a9-49ac-96f7-895913898019",
      "title": "",
      "fullFile": "cypress/e2e/Tc14_customcommand.spec.cy.js",
      "file": "cypress/e2e/Tc14_customcommand.spec.cy.js",
      "beforeHooks": [],
      "afterHooks": [],
      "tests": [],
      "suites": [
        {
          "uuid": "4bf06332-654b-4614-84ef-87d5daad752f",
          "title": "Login Functionality",
          "fullFile": "",
          "file": "",
          "beforeHooks": [],
          "afterHooks": [],
          "tests": [
            {
              "title": "login test",
              "fullTitle": "Login Functionality login test",
              "timedOut": null,
              "duration": 804,
              "state": "failed",
              "speed": null,
              "pass": false,
              "fail": true,
              "pending": false,
              "context": "\"assets/Tc14_customcommand.spec.cy.js/Login Functionality - - login test (failed.png)\"",
              "code": "cy.conduaitLogin(this.data.email, this.data.Password);\ncy.contains('Settings').click();\ncy.contains('Or click here to logout.').click();",
              "err": {
                "message": "CypressError: `cy.type()` can only accept a string or number. You passed in: `undefined`\n\nhttps://on.cypress.io/type",
                "estack": "CypressError: `cy.type()` can only accept a string or number. You passed in: `undefined`\n\nhttps://on.cypress.io/type\n    at Context.type (https://react-redux.realworld.io/__cypress/runner/cypress_runner.js:114389:68)\n    at wrapped (https://react-redux.realworld.io/__cypress/runner/cypress_runner.js:138719:19)\nFrom Your Spec Code:\n    at Context.eval (webpack://cypress/./cypress/support/commands.js:17:44)",
                "diff": null
              },
              "uuid": "0da537b6-5dd3-4754-a2ec-8d2d6c21be58",
              "parentUUID": "4bf06332-654b-4614-84ef-87d5daad752f",
              "isHook": false,
              "skipped": false
            },
            {
              "title": "login test failed",
              "fullTitle": "Login Functionality login test failed",
              "timedOut": null,
              "duration": 697,
              "state": "failed",
              "speed": null,
              "pass": false,
              "fail": true,
              "pending": false,
              "context": "\"assets/Tc14_customcommand.spec.cy.js/Login Functionality - - login test failed (failed.png)\"",
              "code": "cy.conduaitLogin(this.data.email, this.data.Password1);\ncy.get('.error-messages').should('contain', 'email or password is invalid');",
              "err": {
                "message": "CypressError: `cy.type()` can only accept a string or number. You passed in: `undefined`\n\nhttps://on.cypress.io/type",
                "estack": "CypressError: `cy.type()` can only accept a string or number. You passed in: `undefined`\n\nhttps://on.cypress.io/type\n    at Context.type (https://react-redux.realworld.io/__cypress/runner/cypress_runner.js:114389:68)\n    at wrapped (https://react-redux.realworld.io/__cypress/runner/cypress_runner.js:138719:19)\nFrom Your Spec Code:\n    at Context.eval (webpack://cypress/./cypress/support/commands.js:17:44)",
                "diff": null
              },
              "uuid": "30f32218-0810-4fea-b4f4-a32fd9ab6c55",
              "parentUUID": "4bf06332-654b-4614-84ef-87d5daad752f",
              "isHook": false,
              "skipped": false
            }
          ],
          "suites": [],
          "passes": [],
          "failures": [
            "0da537b6-5dd3-4754-a2ec-8d2d6c21be58",
            "30f32218-0810-4fea-b4f4-a32fd9ab6c55"
          ],
          "pending": [],
          "skipped": [],
          "duration": 1501,
          "root": false,
          "rootEmpty": false,
          "_timeout": 2000
        }
      ],
      "passes": [],
      "failures": [],
      "pending": [],
      "skipped": [],
      "duration": 0,
      "root": true,
      "rootEmpty": true,
      "_timeout": 2000
    }
  ],
  "meta": {
    "mocha": {
      "version": "7.0.1"
    },
    "mochawesome": {
      "options": {
        "quiet": true,
        "reportFilename": "mochawesome",
        "saveHtml": false,
        "saveJson": true,
        "consoleReporter": "spec",
        "useInlineDiffs": false,
        "code": true
      },
      "version": "7.1.3"
    },
    "marge": {
      "options": {
        "id": "default",
        "reportDir": "cypress/reports/mocha",
        "quiet": true,
        "json": true,
        "html": false,
        "overwrite": false
      },
      "version": "6.2.0"
    }
  }
}