{
  "stats": {
    "suites": 1,
    "tests": 1,
    "passes": 1,
    "pending": 0,
    "failures": 0,
    "start": "2023-12-15T18:09:56.045Z",
    "end": "2023-12-15T18:09:57.777Z",
    "duration": 1732,
    "testsRegistered": 1,
    "passPercent": 100,
    "pendingPercent": 0,
    "other": 0,
    "hasOther": false,
    "skipped": 0,
    "hasSkipped": false
  },
  "results": [
    {
      "uuid": "8df1df35-41ef-48be-9d4d-6d5fb2685524",
      "title": "",
      "fullFile": "cypress/e2e/Tc03_checkbox.spec.cy.js",
      "file": "cypress/e2e/Tc03_checkbox.spec.cy.js",
      "beforeHooks": [],
      "afterHooks": [],
      "tests": [],
      "suites": [
        {
          "uuid": "d2fc365b-2004-4f89-9639-d06923da01d3",
          "title": "checkbox Functionality",
          "fullFile": "",
          "file": "",
          "beforeHooks": [],
          "afterHooks": [],
          "tests": [
            {
              "title": "Different chckbox button test",
              "fullTitle": "checkbox Functionality Different chckbox button test",
              "timedOut": null,
              "duration": 578,
              "state": "passed",
              "speed": "fast",
              "pass": true,
              "fail": false,
              "pending": false,
              "context": null,
              "code": "// checkbox button\ncy.visit('https://demos.jquerymobile.com/1.4.5/checkboxradio-checkbox/');\ncy.get('#checkbox-v-2a').should('not.be.checked').check({\n  force: true\n}).should('be.checked');\ncy.get('#checkbox-v-2c').should('not.be.checked').check({\n  force: true\n}).should('be.checked');",
              "err": {},
              "uuid": "d98827c9-f55a-4a77-9bd4-d175c13e3681",
              "parentUUID": "d2fc365b-2004-4f89-9639-d06923da01d3",
              "isHook": false,
              "skipped": false
            }
          ],
          "suites": [],
          "passes": [
            "d98827c9-f55a-4a77-9bd4-d175c13e3681"
          ],
          "failures": [],
          "pending": [],
          "skipped": [],
          "duration": 578,
          "root": false,
          "rootEmpty": false,
          "_timeout": 2000
        }
      ],
      "passes": [],
      "failures": [],
      "pending": [],
      "skipped": [],
      "duration": 0,
      "root": true,
      "rootEmpty": true,
      "_timeout": 2000
    }
  ],
  "meta": {
    "mocha": {
      "version": "7.0.1"
    },
    "mochawesome": {
      "options": {
        "quiet": true,
        "reportFilename": "mochawesome",
        "saveHtml": false,
        "saveJson": true,
        "consoleReporter": "spec",
        "useInlineDiffs": false,
        "code": true
      },
      "version": "7.1.3"
    },
    "marge": {
      "options": {
        "id": "default",
        "reportDir": "cypress/reports/mocha",
        "quiet": true,
        "json": true,
        "html": false,
        "overwrite": false
      },
      "version": "6.2.0"
    }
  }
}