{
  "stats": {
    "suites": 1,
    "tests": 1,
    "passes": 1,
    "pending": 0,
    "failures": 0,
    "start": "2024-01-25T19:55:45.072Z",
    "end": "2024-01-25T19:55:46.436Z",
    "duration": 1364,
    "testsRegistered": 1,
    "passPercent": 100,
    "pendingPercent": 0,
    "other": 0,
    "hasOther": false,
    "skipped": 0,
    "hasSkipped": false
  },
  "results": [
    {
      "uuid": "2b768bfe-f4f2-4e1f-9a9b-8ca7fac4a016",
      "title": "",
      "fullFile": "cypress/e2e/Tc09_browserControl.spec.cy.js",
      "file": "cypress/e2e/Tc09_browserControl.spec.cy.js",
      "beforeHooks": [],
      "afterHooks": [],
      "tests": [],
      "suites": [
        {
          "uuid": "fa094c12-9245-4170-a87e-39eef48a8ad2",
          "title": "Login Functionality",
          "fullFile": "",
          "file": "",
          "beforeHooks": [],
          "afterHooks": [],
          "tests": [
            {
              "title": "login test",
              "fullTitle": "Login Functionality login test",
              "timedOut": null,
              "duration": 1343,
              "state": "passed",
              "speed": "fast",
              "pass": true,
              "fail": false,
              "pending": false,
              "context": null,
              "code": "cy.visit('https://react-redux.realworld.io/');\ncy.contains('Sign in').click();\ncy.go('back');\ncy.go('forward');\ncy.go(-1);\ncy.go(1);\ncy.get('input[placeholder=\"Email\"]').type('ankita.it.2012@gmail.com');\ncy.reload();\n// cy.get('input[placeholder=\"Password\"]').type('@Test12345')\n// cy.get('button[type=\"Submit\"]').click()\n// cy.get('a[href=\"#settings\"]').click()\n// cy.get('.btn.btn-outline-danger').click()",
              "err": {},
              "uuid": "149503dd-8fce-47c1-83e6-01224bd162f2",
              "parentUUID": "fa094c12-9245-4170-a87e-39eef48a8ad2",
              "isHook": false,
              "skipped": false
            }
          ],
          "suites": [],
          "passes": [
            "149503dd-8fce-47c1-83e6-01224bd162f2"
          ],
          "failures": [],
          "pending": [],
          "skipped": [],
          "duration": 1343,
          "root": false,
          "rootEmpty": false,
          "_timeout": 2000
        }
      ],
      "passes": [],
      "failures": [],
      "pending": [],
      "skipped": [],
      "duration": 0,
      "root": true,
      "rootEmpty": true,
      "_timeout": 2000
    }
  ],
  "meta": {
    "mocha": {
      "version": "7.0.1"
    },
    "mochawesome": {
      "options": {
        "quiet": true,
        "reportFilename": "mochawesome",
        "saveHtml": false,
        "saveJson": true,
        "consoleReporter": "spec",
        "useInlineDiffs": false,
        "code": true
      },
      "version": "7.1.3"
    },
    "marge": {
      "options": {
        "id": "default",
        "reportDir": "cypress/reports/mocha",
        "quiet": true,
        "json": true,
        "html": false,
        "overwrite": false
      },
      "version": "6.2.0"
    }
  }
}