{
  "stats": {
    "suites": 1,
    "tests": 2,
    "passes": 0,
    "pending": 1,
    "failures": 1,
    "start": "2024-01-25T19:55:55.610Z",
    "end": "2024-01-25T19:56:00.896Z",
    "duration": 5286,
    "testsRegistered": 2,
    "passPercent": 0,
    "pendingPercent": 50,
    "other": 0,
    "hasOther": false,
    "skipped": 0,
    "hasSkipped": false
  },
  "results": [
    {
      "uuid": "dbdec8d4-0ecd-403b-982a-b747ba5c8cc0",
      "title": "",
      "fullFile": "cypress/e2e/Tc12_fixture.spec.cy.js",
      "file": "cypress/e2e/Tc12_fixture.spec.cy.js",
      "beforeHooks": [],
      "afterHooks": [],
      "tests": [],
      "suites": [
        {
          "uuid": "a54c4912-cc92-4c39-9022-c8524090174e",
          "title": "Login Functionality",
          "fullFile": "",
          "file": "",
          "beforeHooks": [],
          "afterHooks": [],
          "tests": [
            {
              "title": "login test",
              "fullTitle": "Login Functionality login test",
              "timedOut": null,
              "duration": 5218,
              "state": "failed",
              "speed": null,
              "pass": false,
              "fail": true,
              "pending": false,
              "context": "\"assets/Tc12_fixture.spec.cy.js/Login Functionality - - login test (failed.png)\"",
              "code": "cy.visit('https://react-redux.realworld.io/');\ncy.get('a[href=\"#login\"]').click();\ncy.get('input[placeholder=\"Email\"]').type(this.data.email);\ncy.get('input[placeholder=\"Password\"]').type(this.data.password);\ncy.get('button[type=\"Submit\"]').click();\ncy.contains('Settings').click();\ncy.contains('Or click here to logout.').click();",
              "err": {
                "message": "AssertionError: Timed out retrying after 4000ms: Expected to find content: 'Settings' but never did.",
                "estack": "AssertionError: Timed out retrying after 4000ms: Expected to find content: 'Settings' but never did.\n    at Context.eval (webpack://cypress/./cypress/e2e/Tc12_fixture.spec.cy.js:18:11)",
                "diff": null
              },
              "uuid": "c9096bd9-0a97-4305-8be9-4e1897777f5b",
              "parentUUID": "a54c4912-cc92-4c39-9022-c8524090174e",
              "isHook": false,
              "skipped": false
            },
            {
              "title": "login test failed",
              "fullTitle": "Login Functionality login test failed",
              "timedOut": null,
              "duration": 0,
              "state": "pending",
              "speed": null,
              "pass": false,
              "fail": false,
              "pending": true,
              "context": null,
              "code": "cy.visit('https://react-redux.realworld.io/');\ncy.get('a[href=\"#login\"]').click();\ncy.get('input[placeholder=\"Email\"]').type(this.data.email);\ncy.get('input[placeholder=\"Password\"]').type(this.data.password1);\ncy.get('button[type=\"Submit\"]').click();\ncy.get('.error-messages').should('contain', 'email or password is invalid');",
              "err": {},
              "uuid": "0374937c-2ba6-432e-8023-ccb5b11ab535",
              "parentUUID": "a54c4912-cc92-4c39-9022-c8524090174e",
              "isHook": false,
              "skipped": false
            }
          ],
          "suites": [],
          "passes": [],
          "failures": [
            "c9096bd9-0a97-4305-8be9-4e1897777f5b"
          ],
          "pending": [
            "0374937c-2ba6-432e-8023-ccb5b11ab535"
          ],
          "skipped": [],
          "duration": 5218,
          "root": false,
          "rootEmpty": false,
          "_timeout": 2000
        }
      ],
      "passes": [],
      "failures": [],
      "pending": [],
      "skipped": [],
      "duration": 0,
      "root": true,
      "rootEmpty": true,
      "_timeout": 2000
    }
  ],
  "meta": {
    "mocha": {
      "version": "7.0.1"
    },
    "mochawesome": {
      "options": {
        "quiet": true,
        "reportFilename": "mochawesome",
        "saveHtml": false,
        "saveJson": true,
        "consoleReporter": "spec",
        "useInlineDiffs": false,
        "code": true
      },
      "version": "7.1.3"
    },
    "marge": {
      "options": {
        "id": "default",
        "reportDir": "cypress/reports/mocha",
        "quiet": true,
        "json": true,
        "html": false,
        "overwrite": false
      },
      "version": "6.2.0"
    }
  }
}