{
  "stats": {
    "suites": 1,
    "tests": 3,
    "passes": 1,
    "pending": 0,
    "failures": 2,
    "start": "2024-01-25T19:56:21.517Z",
    "end": "2024-01-25T19:56:32.924Z",
    "duration": 11407,
    "testsRegistered": 3,
    "passPercent": 33.33333333333333,
    "pendingPercent": 0,
    "other": 0,
    "hasOther": false,
    "skipped": 0,
    "hasSkipped": false
  },
  "results": [
    {
      "uuid": "1f51cf73-758a-40ca-b21d-c20980133fdd",
      "title": "",
      "fullFile": "cypress/e2e/Tc_16mockspec.spec.cy.js",
      "file": "cypress/e2e/Tc_16mockspec.spec.cy.js",
      "beforeHooks": [],
      "afterHooks": [],
      "tests": [],
      "suites": [
        {
          "uuid": "631e68d1-e979-48c0-98b0-3b9951d6f471",
          "title": "hook conduit",
          "fullFile": "",
          "file": "",
          "beforeHooks": [],
          "afterHooks": [],
          "tests": [
            {
              "title": "Tag Mock",
              "fullTitle": "hook conduit Tag Mock",
              "timedOut": null,
              "duration": 5211,
              "state": "failed",
              "speed": null,
              "pass": false,
              "fail": true,
              "pending": false,
              "context": "\"assets/Tc_16mockspec.spec.cy.js/hook conduit - - Tag Mock (failed.png)\"",
              "code": "cy.intercept('GET', '/api/tags', {\n  fixture: 'tags.json'\n});\ncy.contains('Your Feed').should('be.visible');\ncy.get('.tag-list').should('contain', 'cypress').and('contain', 'udemy').and('contain', 'course');",
              "err": {
                "message": "AssertionError: Timed out retrying after 4000ms: Expected to find content: 'Your Feed' but never did.",
                "estack": "AssertionError: Timed out retrying after 4000ms: Expected to find content: 'Your Feed' but never did.\n    at Context.eval (webpack://cypress/./cypress/e2e/Tc_16mockspec.spec.cy.js:17:33)",
                "diff": null
              },
              "uuid": "1290ed10-c15a-49b7-9af2-b4bbd0f15115",
              "parentUUID": "631e68d1-e979-48c0-98b0-3b9951d6f471",
              "isHook": false,
              "skipped": false
            },
            {
              "title": "Article Mock",
              "fullTitle": "hook conduit Article Mock",
              "timedOut": null,
              "duration": 4977,
              "state": "failed",
              "speed": null,
              "pass": false,
              "fail": true,
              "pending": false,
              "context": "\"assets/Tc_16mockspec.spec.cy.js/hook conduit - - Article Mock (failed.png)\"",
              "code": "cy.intercept('GET', '/api/articles/*', {\n  fixture: 'article.json'\n});\ncy.contains('Your Feed').should('be.visible');\ncy.contains('Global Feed').click();\ncy.get('.col-md-9').should('contain', 'demo');",
              "err": {
                "message": "AssertionError: Timed out retrying after 4000ms: Expected to find content: 'Your Feed' but never did.",
                "estack": "AssertionError: Timed out retrying after 4000ms: Expected to find content: 'Your Feed' but never did.\n    at Context.eval (webpack://cypress/./cypress/e2e/Tc_16mockspec.spec.cy.js:23:33)",
                "diff": null
              },
              "uuid": "d9ee3981-2d5f-42d1-bf5b-d6e844c3b9df",
              "parentUUID": "631e68d1-e979-48c0-98b0-3b9951d6f471",
              "isHook": false,
              "skipped": false
            },
            {
              "title": "Login User Mock",
              "fullTitle": "hook conduit Login User Mock",
              "timedOut": null,
              "duration": 1099,
              "state": "passed",
              "speed": "fast",
              "pass": true,
              "fail": false,
              "pending": false,
              "context": null,
              "code": "cy.intercept('POST', '/api/users/login', {\n  fixture: 'login.json'\n});\ncy.get('a[href^=\"#@\"]').should('contain', 'ankita');",
              "err": {},
              "uuid": "02fc847b-2e91-40c6-9863-18eadb78ef0a",
              "parentUUID": "631e68d1-e979-48c0-98b0-3b9951d6f471",
              "isHook": false,
              "skipped": false
            }
          ],
          "suites": [],
          "passes": [
            "02fc847b-2e91-40c6-9863-18eadb78ef0a"
          ],
          "failures": [
            "1290ed10-c15a-49b7-9af2-b4bbd0f15115",
            "d9ee3981-2d5f-42d1-bf5b-d6e844c3b9df"
          ],
          "pending": [],
          "skipped": [],
          "duration": 11287,
          "root": false,
          "rootEmpty": false,
          "_timeout": 2000
        }
      ],
      "passes": [],
      "failures": [],
      "pending": [],
      "skipped": [],
      "duration": 0,
      "root": true,
      "rootEmpty": true,
      "_timeout": 2000
    }
  ],
  "meta": {
    "mocha": {
      "version": "7.0.1"
    },
    "mochawesome": {
      "options": {
        "quiet": true,
        "reportFilename": "mochawesome",
        "saveHtml": false,
        "saveJson": true,
        "consoleReporter": "spec",
        "useInlineDiffs": false,
        "code": true
      },
      "version": "7.1.3"
    },
    "marge": {
      "options": {
        "id": "default",
        "reportDir": "cypress/reports/mocha",
        "quiet": true,
        "json": true,
        "html": false,
        "overwrite": false
      },
      "version": "6.2.0"
    }
  }
}